d:\visual studio2015\vsworkspace\texture\debug\vc140.pdb
d:\visual studio2015\vsworkspace\texture\debug\vc140.idb
d:\visual studio2015\vsworkspace\texture\debug\psbmploader.obj
d:\visual studio2015\vsworkspace\texture\debug\main.obj
d:\visual studio2015\vsworkspace\texture修\debug\vc140.pdb
d:\visual studio2015\vsworkspace\texture修\debug\vc140.idb
d:\visual studio2015\vsworkspace\texture修\debug\psbmploader.obj
d:\visual studio2015\vsworkspace\texture修\debug\main.obj
d:\visual studio2015\vsworkspace\texture\debug\texture1.ilk
d:\visual studio2015\vsworkspace\texture\debug\texture1.exe
d:\visual studio2015\vsworkspace\texture\debug\texture1.pdb
d:\visual studio2015\vsworkspace\texture修\debug\texture1.ilk
d:\visual studio2015\vsworkspace\texture修\debug\texture1.exe.intermediate.manifest
d:\visual studio2015\vsworkspace\texture修\debug\texture1.pch
d:\visual studio2015\vsworkspace\texture修\debug\vc60.idb
d:\visual studio2015\vsworkspace\texture修\debug\vc70.idb
d:\visual studio2015\vsworkspace\texture修\debug\vc90.idb
d:\visual studio2015\vsworkspace\texture修\debug\texture1.pdb
d:\visual studio2015\vsworkspace\texture修\debug\vc70.pdb
d:\visual studio2015\vsworkspace\texture修\debug\vc90.pdb
d:\visual studio2015\vsworkspace\texture修\.\debug\texture1.exe
d:\visual studio2015\vsworkspace\texture修\.\debug\texture1.exe.intermediate.manifest
d:\visual studio2015\vsworkspace\texture修\debug\texture1.tlog\cl.command.1.tlog
d:\visual studio2015\vsworkspace\texture修\debug\texture1.tlog\cl.read.1.tlog
d:\visual studio2015\vsworkspace\texture修\debug\texture1.tlog\cl.write.1.tlog
d:\visual studio2015\vsworkspace\texture修\debug\texture1.tlog\link.command.1.tlog
d:\visual studio2015\vsworkspace\texture修\debug\texture1.tlog\link.read.1.tlog
d:\visual studio2015\vsworkspace\texture修\debug\texture1.tlog\link.write.1.tlog
